[INFO] Scanning for projects...
[INFO] 
[INFO] ---------------------------< com.campus:crm >---------------------------
[INFO] Building campus-resource-management 0.0.1-SNAPSHOT
[INFO]   from pom.xml
[INFO] --------------------------------[ jar ]---------------------------------
[INFO] 
[INFO] --- clean:3.3.2:clean (default-clean) @ crm ---
[INFO] Deleting C:\Users\vmppr\OneDrive\Documents\Campus Resource Management\target
[INFO] 
[INFO] --- resources:3.3.1:resources (default-resources) @ crm ---
[INFO] Copying 1 resource from src\main\resources to target\classes
[INFO] Copying 0 resource from src\main\resources to target\classes
[INFO] 
[INFO] --- compiler:3.13.0:compile (default-compile) @ crm ---
[INFO] Recompiling the module because of changed source code.
[INFO] Compiling 34 source files with javac [forked debug parameters release 17] to target\classes
[INFO] 
[INFO] --- resources:3.3.1:testResources (default-testResources) @ crm ---
[INFO] skip non existing resourceDirectory C:\Users\vmppr\OneDrive\Documents\Campus Resource Management\src\test\resources
[INFO] 
[INFO] --- compiler:3.13.0:testCompile (default-testCompile) @ crm ---
[INFO] Recompiling the module because of changed dependency.
[INFO] Compiling 1 source file with javac [forked debug parameters release 17] to target\test-classes
[INFO] -------------------------------------------------------------
[ERROR] COMPILATION ERROR : 
[INFO] -------------------------------------------------------------
[ERROR] WARNING: A terminally deprecated method in sun.misc.Unsafe has been called
WARNING: sun.misc.Unsafe:objectFieldOffset has been called by lombok.permit.Permit
WARNING: Please consider reporting this to the maintainers of class lombok.permit.Permit
WARNING: sun.misc.Unsafe:objectFieldOffset will be removed in a future release
C:\Users\vmppr\OneDrive\Documents\Campus Resource Management\src\test\java\com\campus\crm\service\UserServiceTest.java:[41,20] error: incompatible types: UUID cannot be converted to Long
[ERROR] C:\Users\vmppr\OneDrive\Documents\Campus Resource Management\src\test\java\com\campus\crm\service\UserServiceTest.java:[51,52] error: incompatible types: UUID cannot be converted to Long
[ERROR] C:\Users\vmppr\OneDrive\Documents\Campus Resource Management\src\test\java\com\campus\crm\service\UserServiceTest.java:[53,50] error: incompatible types: UUID cannot be converted to Long
[ERROR] C:\Users\vmppr\OneDrive\Documents\Campus Resource Management\src\test\java\com\campus\crm\service\UserServiceTest.java:[61,52] error: incompatible types: UUID cannot be converted to Long
[ERROR] C:\Users\vmppr\OneDrive\Documents\Campus Resource Management\src\test\java\com\campus\crm\service\UserServiceTest.java:[68,48] error: incompatible types: UUID cannot be converted to Long
[INFO] 5 errors 
[INFO] -------------------------------------------------------------
[INFO] ------------------------------------------------------------------------
[INFO] BUILD FAILURE
[INFO] ------------------------------------------------------------------------
[INFO] Total time:  13.869 s
[INFO] Finished at: 2026-02-17T18:30:25+05:30
[INFO] ------------------------------------------------------------------------
[ERROR] Failed to execute goal org.apache.maven.plugins:maven-compiler-plugin:3.13.0:testCompile (default-testCompile) on project crm: Compilation failure: Compilation failure: 
[ERROR] WARNING: A terminally deprecated method in sun.misc.Unsafe has been called
[ERROR] WARNING: sun.misc.Unsafe:objectFieldOffset has been called by lombok.permit.Permit
[ERROR] WARNING: Please consider reporting this to the maintainers of class lombok.permit.Permit
[ERROR] WARNING: sun.misc.Unsafe:objectFieldOffset will be removed in a future release
[ERROR] C:\Users\vmppr\OneDrive\Documents\Campus Resource Management\src\test\java\com\campus\crm\service\UserServiceTest.java:[41,20] error: incompatible types: UUID cannot be converted to Long
[ERROR] C:\Users\vmppr\OneDrive\Documents\Campus Resource Management\src\test\java\com\campus\crm\service\UserServiceTest.java:[51,52] error: incompatible types: UUID cannot be converted to Long
[ERROR] C:\Users\vmppr\OneDrive\Documents\Campus Resource Management\src\test\java\com\campus\crm\service\UserServiceTest.java:[53,50] error: incompatible types: UUID cannot be converted to Long
[ERROR] C:\Users\vmppr\OneDrive\Documents\Campus Resource Management\src\test\java\com\campus\crm\service\UserServiceTest.java:[61,52] error: incompatible types: UUID cannot be converted to Long
[ERROR] C:\Users\vmppr\OneDrive\Documents\Campus Resource Management\src\test\java\com\campus\crm\service\UserServiceTest.java:[68,48] error: incompatible types: UUID cannot be converted to Long
[ERROR] -> [Help 1]
[ERROR] 
[ERROR] To see the full stack trace of the errors, re-run Maven with the -e switch.
[ERROR] Re-run Maven using the -X switch to enable full debug logging.
[ERROR] 
[ERROR] For more information about the errors and possible solutions, please read the following articles:
[ERROR] [Help 1] http://cwiki.apache.org/confluence/display/MAVEN/MojoFailureException
